<?xml version="1.0" encoding="UTF-8"?>
<!-- Generated by org.testng.reporters.JUnitReportReporter -->
<testsuite skipped="0" hostname="DESKTOP-27L8JE7" name="switches.AlertHandling" tests="1" failures="0" timestamp="28 Oct 2020 11:41:13 GMT" time="14.087" errors="0">
  <testcase name="f" time="14.087" classname="switches.AlertHandling"/>
</testsuite> <!-- switches.AlertHandling -->
