<?xml version="1.0" encoding="UTF-8"?>
<!-- Generated by org.testng.reporters.JUnitReportReporter -->
<testsuite skipped="0" hostname="DESKTOP-27L8JE7" name="pom.POM_001" tests="1" failures="0" timestamp="22 Oct 2020 12:13:12 GMT" time="17.547" errors="0">
  <testcase name="login" time="17.547" classname="pom.POM_001"/>
</testsuite> <!-- pom.POM_001 -->
