<?xml version="1.0" encoding="UTF-8"?>
<!-- Generated by org.testng.reporters.JUnitReportReporter -->
<testsuite skipped="0" hostname="DESKTOP-27L8JE7" name="com.project.September5PMMavenProject.LinksTesting1" tests="1" failures="0" timestamp="2020-09-30T17:23:28 IST" time="8.393" errors="0">
  <testcase name="linktesting1" time="8.393" classname="com.project.September5PMMavenProject.LinksTesting1"/>
  <system-out>
Clicked on Image Link  </system-out>
</testsuite> <!-- com.project.September5PMMavenProject.LinksTesting1 -->
