<?xml version="1.0" encoding="UTF-8"?>
<!-- Generated by org.testng.reporters.JUnitReportReporter -->
<testsuite skipped="0" hostname="DESKTOP-27L8JE7" name="suiteB.TestB3" tests="1" failures="0" timestamp="2020-10-01T17:32:48 IST" time="3.002" errors="0">
  <testcase name="f" time="3.002" classname="suiteB.TestB3"/>
  <system-out/>
</testsuite> <!-- suiteB.TestB3 -->
