<?xml version="1.0" encoding="UTF-8"?>
<!-- Generated by org.testng.reporters.JUnitReportReporter -->
<testsuite skipped="0" hostname="DESKTOP-27L8JE7" name="switches.FileUpload" tests="1" failures="0" timestamp="28 Oct 2020 12:07:54 GMT" time="19.095" errors="0">
  <testcase name="fileupload" time="19.095" classname="switches.FileUpload"/>
</testsuite> <!-- switches.FileUpload -->
