<?xml version="1.0" encoding="UTF-8"?>
<!-- Generated by org.testng.reporters.JUnitReportReporter -->
<testsuite skipped="1" hostname="DESKTOP-27L8JE7" name="com.project.September5PMMavenProject.TC_006" tests="3" failures="0" timestamp="2020-09-25T17:51:10 IST" time="0.025" errors="0">
  <testcase name="f" time="0.018" classname="com.project.September5PMMavenProject.TC_006"/>
  <system-out/>
  <testcase name="z" time="0.007" classname="com.project.September5PMMavenProject.TC_006"/>
  <system-out/>
  <testcase name="a" classname="com.project.September5PMMavenProject.TC_006">
    <skipped/>
  </testcase> <!-- a -->
  <system-out/>
</testsuite> <!-- com.project.September5PMMavenProject.TC_006 -->
