<?xml version="1.0" encoding="UTF-8"?>
<!-- Generated by org.testng.reporters.JUnitReportReporter -->
<testsuite skipped="0" hostname="DESKTOP-27L8JE7" name="com.project.September5PMMavenProject.NewTest" tests="1" failures="0" timestamp="2020-09-25T17:39:05 IST" time="0.028" errors="0">
  <testcase name="f" time="0.028" classname="com.project.September5PMMavenProject.NewTest"/>
  <system-out/>
</testsuite> <!-- com.project.September5PMMavenProject.NewTest -->
