<?xml version="1.0" encoding="UTF-8"?>
<!-- Generated by org.testng.reporters.JUnitReportReporter -->
<testsuite skipped="0" hostname="DESKTOP-27L8JE7" name="parallel.NewTest" tests="2" failures="0" timestamp="2020-10-01T17:38:46 IST" time="0.047" errors="0">
  <testcase name="test1" time="0.024" classname="parallel.NewTest"/>
  <system-out/>
  <testcase name="test2" time="0.023" classname="parallel.NewTest"/>
  <system-out/>
</testsuite> <!-- parallel.NewTest -->
