<?xml version="1.0" encoding="UTF-8"?>
<!-- Generated by org.testng.reporters.JUnitReportReporter -->
<testsuite skipped="1" hostname="DESKTOP-27L8JE7" name="excelDataDriven.facebookWithDataProvider" tests="2" failures="0" timestamp="20 Oct 2020 12:11:50 GMT" time="20.638" errors="0">
  <testcase name="f" time="10.259" classname="excelDataDriven.facebookWithDataProvider">
    <skipped/>
  </testcase> <!-- f -->
  <testcase name="f" time="10.379" classname="excelDataDriven.facebookWithDataProvider"/>
</testsuite> <!-- excelDataDriven.facebookWithDataProvider -->
