<?xml version="1.0" encoding="UTF-8"?>
<!-- Generated by org.testng.reporters.JUnitReportReporter -->
<testsuite skipped="2" hostname="DESKTOP-27L8JE7" name="com.project.September5PMMavenProject.TestDependency" tests="4" failures="0" timestamp="2020-09-30T17:38:20 IST" time="0.027" errors="0">
  <testcase name="orange" time="0.019" classname="com.project.September5PMMavenProject.TestDependency"/>
  <system-out/>
  <testcase name="white" time="0.003" classname="com.project.September5PMMavenProject.TestDependency"/>
  <system-out/>
  <testcase name="blue" time="0.005" classname="com.project.September5PMMavenProject.TestDependency">
    <skipped/>
  </testcase> <!-- blue -->
  <system-out/>
  <testcase name="green" time="0.000" classname="com.project.September5PMMavenProject.TestDependency">
    <skipped/>
  </testcase> <!-- green -->
  <system-out/>
</testsuite> <!-- com.project.September5PMMavenProject.TestDependency -->
