<?xml version="1.0" encoding="UTF-8"?>
<!-- Generated by org.testng.reporters.JUnitReportReporter -->
<testsuite skipped="0" hostname="DESKTOP-27L8JE7" name="com.project.September5PMMavenProject.TC_007" tests="1" failures="0" timestamp="2020-09-29T17:42:51 IST" time="21.431" errors="0">
  <testcase name="amazonTest" time="21.431" classname="com.project.September5PMMavenProject.TC_007"/>
  <system-out/>
</testsuite> <!-- com.project.September5PMMavenProject.TC_007 -->
