<?xml version="1.0" encoding="UTF-8"?>
<!-- Generated by org.testng.reporters.JUnitReportReporter -->
<testsuite skipped="0" hostname="DESKTOP-27L8JE7" name="excelDataDriven.DataManagementUtil" tests="1" failures="0" timestamp="20 Oct 2020 11:40:36 GMT" time="0.029" errors="0">
  <testcase name="testCase" time="0.029" classname="excelDataDriven.DataManagementUtil"/>
</testsuite> <!-- excelDataDriven.DataManagementUtil -->
