<?xml version="1.0" encoding="UTF-8"?>
<!-- Generated by org.testng.reporters.JUnitReportReporter -->
<testsuite skipped="0" hostname="DESKTOP-27L8JE7" name="excelDataDriven.DataManagementUsingHashTable" tests="1" failures="0" timestamp="19 Oct 2020 12:19:19 GMT" time="0.022" errors="0">
  <testcase name="demoTest" time="0.022" classname="excelDataDriven.DataManagementUsingHashTable"/>
</testsuite> <!-- excelDataDriven.DataManagementUsingHashTable -->
